<?xml version="1.0" encoding="UTF-8"?>
<testng-results skipped="0" failed="0" ignored="0" total="1" passed="1">
  <reporter-output>
  </reporter-output>
  <suite name="Suite" duration-ms="25184" started-at="2019-03-02T09:58:08Z" finished-at="2019-03-02T09:58:33Z">
    <groups>
    </groups>
    <test name="Test" duration-ms="25184" started-at="2019-03-02T09:58:08Z" finished-at="2019-03-02T09:58:33Z">
      <class name="com.pack2.Sample">
        <test-method status="PASS" signature="Launch()[pri:0, instance:com.pack2.Sample@7085bdee]" name="Launch" duration-ms="25167" started-at="2019-03-02T01:58:08Z" finished-at="2019-03-02T01:58:33Z">
          <reporter-output>
          </reporter-output>
        </test-method> <!-- Launch -->
      </class> <!-- com.pack2.Sample -->
    </test> <!-- Test -->
  </suite> <!-- Suite -->
</testng-results>
